Using pre-set license
Built from '2020.3/staging' branch; Version is '2020.3.5f1 (8095aa901b9b) revision 8426922'; Using compiler version '192528614'; Build Type 'Release'
OS: 'Windows 10 Pro; OS build 19041.1052; Version 2004; 64bit' Language: 'de' Physical Memory: 7441 MB
BatchMode: 1, IsHumanControllingUs: 0, StartBugReporterOnCrash: 0, Is64bit: 1, IsPro: 0

 COMMAND LINE ARGUMENTS:
C:\Program Files\Unity\Hub\Editor\2020.3.5f1\Editor\Unity.exe
-adb2
-batchMode
-noUpm
-name
AssetImportWorker1
-projectPath
C:/Users/Alex/source/repos/SOL-AR_vuforia
-logFile
Logs/AssetImportWorker1.log
-srvPort
64835
Successfully changed project path to: C:/Users/Alex/source/repos/SOL-AR_vuforia
C:/Users/Alex/source/repos/SOL-AR_vuforia
Using Asset Import Pipeline V2.
Refreshing native plugins compatible for Editor in 310.29 ms, found 8 plugins.
Preloading 1 native plugins for Editor in 8.09 ms.
Initialize engine version: 2020.3.5f1 (8095aa901b9b)
[Subsystems] Discovering subsystems at path C:/Program Files/Unity/Hub/Editor/2020.3.5f1/Editor/Data/Resources/UnitySubsystems
[Subsystems] Discovering subsystems at path C:/Users/Alex/source/repos/SOL-AR_vuforia/Assets
GfxDevice: creating device client; threaded=0
Direct3D:
    Version:  Direct3D 11.0 [level 11.1]
    Renderer: Intel(R) HD Graphics 620 (ID=0x5916)
    Vendor:   
    VRAM:     3720 MB
    Driver:   24.20.100.6286
Shader 'PointClouds/PointSplat': fallback shader 'PointClouds/PointSplatLegacy' not found
Initialize mono
Mono path[0] = 'C:/Program Files/Unity/Hub/Editor/2020.3.5f1/Editor/Data/Managed'
Mono path[1] = 'C:/Program Files/Unity/Hub/Editor/2020.3.5f1/Editor/Data/MonoBleedingEdge/lib/mono/unityjit'
Mono config path = 'C:/Program Files/Unity/Hub/Editor/2020.3.5f1/Editor/Data/MonoBleedingEdge/etc'
Using monoOptions --debugger-agent=transport=dt_socket,embedding=1,server=y,suspend=n,address=127.0.0.1:56048
Begin MonoManager ReloadAssembly
Registering precompiled unity dll's ...
Register platform support module: C:/Program Files/Unity/Hub/Editor/2020.3.5f1/Editor/Data/PlaybackEngines/WindowsStandaloneSupport/UnityEditor.WindowsStandalone.Extensions.dll
Registered in 0.007454 seconds.
Native extension for WindowsStandalone target not found
Refreshing native plugins compatible for Editor in 127.28 ms, found 8 plugins.
Preloading 1 native plugins for Editor in 0.20 ms.
Mono: successfully reloaded assembly
- Completed reload, in  4.040 seconds
Platform modules already initialized, skipping
Registering precompiled user dll's ...
Registered in 0.033188 seconds.
Begin MonoManager ReloadAssembly
Native extension for WindowsStandalone target not found
Refreshing native plugins compatible for Editor in 265.77 ms, found 8 plugins.
Preloading 1 native plugins for Editor in 0.36 ms.
System.NullReferenceException: Object reference not set to an instance of an object
  at Vuforia.EditorClasses.ExtensionTypeProvider.GetVuforiaPackageAbsPath () [0x0004a] in <f93bc12ce1034617aac9a18135b94276>:0 
  at Vuforia.EditorClasses.ExtensionTypeProvider.IsPackageManager () [0x00000] in <f93bc12ce1034617aac9a18135b94276>:0 
  at Vuforia.EditorClasses.ExtensionTypeProvider.ResolvePluginType () [0x00009] in <f93bc12ce1034617aac9a18135b94276>:0 
  at Vuforia.EditorClasses.ExtensionTypeProvider.GetPluginType () [0x0000c] in <f93bc12ce1034617aac9a18135b94276>:0 
  at Vuforia.EditorClasses.VuforiaUtilities.IsVuforiaEnabledInPlayerSettings () [0x00000] in <f93bc12ce1034617aac9a18135b94276>:0 
  at VuforiaEnabledObserver..cctor () [0x00000] in <f93bc12ce1034617aac9a18135b94276>:0 
UnityEngine.StackTraceUtility:ExtractStackTrace ()
UnityEngine.DebugLogHandler:LogFormat (UnityEngine.LogType,UnityEngine.Object,string,object[])
UnityEngine.Logger:Log (UnityEngine.LogType,object)
UnityEngine.Debug:LogError (object)
UnityEditor.EditorAssemblies:ProcessInitializeOnLoadAttributes (System.Type[])

System.NullReferenceException: Object reference not set to an instance of an object
  at Vuforia.EditorClasses.ExtensionTypeProvider.GetVuforiaPackageAbsPath () [0x0004a] in <f93bc12ce1034617aac9a18135b94276>:0 
  at Vuforia.EditorClasses.ExtensionTypeProvider.IsPackageManager () [0x00000] in <f93bc12ce1034617aac9a18135b94276>:0 
  at Vuforia.EditorClasses.ExtensionTypeProvider.ResolvePluginType () [0x00009] in <f93bc12ce1034617aac9a18135b94276>:0 
  at Vuforia.EditorClasses.ExtensionTypeProvider.GetPluginType () [0x0000c] in <f93bc12ce1034617aac9a18135b94276>:0 
  at Vuforia.EditorClasses.VuforiaUtilities.IsVuforiaEnabledInPlayerSettings () [0x00000] in <f93bc12ce1034617aac9a18135b94276>:0 
  at Vuforia.EditorClasses.InitializeOnLoadVuforiaTaskRunner..cctor () [0x00015] in <f93bc12ce1034617aac9a18135b94276>:0 
UnityEngine.StackTraceUtility:ExtractStackTrace ()
UnityEngine.DebugLogHandler:LogFormat (UnityEngine.LogType,UnityEngine.Object,string,object[])
UnityEngine.Logger:Log (UnityEngine.LogType,object)
UnityEngine.Debug:LogError (object)
UnityEditor.EditorAssemblies:ProcessInitializeOnLoadAttributes (System.Type[])

Mono: successfully reloaded assembly
- Completed reload, in  3.941 seconds
Platform modules already initialized, skipping
========================================================================
Worker process is ready to serve import requests
Shader 'PointClouds/PointSplat': fallback shader 'PointClouds/PointSplatLegacy' not found
Launched and connected shader compiler UnityShaderCompiler.exe after 0.17 seconds
Refreshing native plugins compatible for Editor in 1.40 ms, found 8 plugins.
Preloading 1 native plugins for Editor in 0.16 ms.
Unloading 2325 Unused Serialized files (Serialized files now loaded: 0)
System memory in use before: 109.7 MB.
System memory in use after: 109.7 MB.

Unloading 66 unused Assets to reduce memory usage. Loaded Objects now: 3043.
Total: 4.924800 ms (FindLiveObjects: 0.419800 ms CreateObjectMapping: 0.267500 ms MarkObjects: 4.119100 ms  DeleteObjects: 0.116400 ms)

========================================================================
Received Import Request.
  path: Assets/Scenes/AnotherOne.unity
  artifactKey: Guid(1a25106c06e281d43897fea29f534ff6) Importer(815301076,1909f56bfc062723c751e8b465ee728b)
Start importing Assets/Scenes/AnotherOne.unity using Guid(1a25106c06e281d43897fea29f534ff6) Importer(815301076,1909f56bfc062723c751e8b465ee728b)  -> (artifact id: '4348b8cdc8ed4a820ef7364161a8fb22') in 0.073747 seconds
  Import took 0.080729 seconds .

========================================================================
Received Import Request.
  Time since last request: 205.034692 seconds.
  path: Assets/Beer/Beer_Bottle_01.fbx
  artifactKey: Guid(bffc694c7045afd448f6aa9b6f17a9d6) Importer(815301076,1909f56bfc062723c751e8b465ee728b)
Start importing Assets/Beer/Beer_Bottle_01.fbx using Guid(bffc694c7045afd448f6aa9b6f17a9d6) Importer(815301076,1909f56bfc062723c751e8b465ee728b)  -> (artifact id: 'c46e0205f3fa24015bc13e2ffd5ebfc1') in 0.540042 seconds
  Import took 0.548534 seconds .

========================================================================
Received Import Request.
  Time since last request: 0.666171 seconds.
  path: Assets/Beer/Beer_Bottle_01.mat
  artifactKey: Guid(8b657493b4f13bf41bf0403b9f759f30) Importer(815301076,1909f56bfc062723c751e8b465ee728b)
Start importing Assets/Beer/Beer_Bottle_01.mat using Guid(8b657493b4f13bf41bf0403b9f759f30) Importer(815301076,1909f56bfc062723c751e8b465ee728b)  -> (artifact id: '907d662183e813910646f8f7f38e236a') in 0.203792 seconds
  Import took 0.212138 seconds .

========================================================================
Received Import Request.
  Time since last request: 0.006809 seconds.
  path: Assets/SamplesResources/AugmentationAssets/Materials/Astronaut/Drill.mat
  artifactKey: Guid(75ef9db8d65dcfb40969937fa2f6ea8d) Importer(815301076,1909f56bfc062723c751e8b465ee728b)
Start importing Assets/SamplesResources/AugmentationAssets/Materials/Astronaut/Drill.mat using Guid(75ef9db8d65dcfb40969937fa2f6ea8d) Importer(815301076,1909f56bfc062723c751e8b465ee728b)  -> (artifact id: 'bb0c698b22f0d6f519039073013211a9') in 0.270296 seconds
  Import took 0.276095 seconds .

========================================================================
Received Import Request.
  Time since last request: 0.007163 seconds.
  path: Assets/SamplesResources/AugmentationAssets/Textures/Astronaut/Materials/Astronaut_AO.mat
  artifactKey: Guid(c165210d65b792042aabe3a37061f5c1) Importer(815301076,1909f56bfc062723c751e8b465ee728b)
Start importing Assets/SamplesResources/AugmentationAssets/Textures/Astronaut/Materials/Astronaut_AO.mat using Guid(c165210d65b792042aabe3a37061f5c1) Importer(815301076,1909f56bfc062723c751e8b465ee728b)  -> (artifact id: 'b67f24b1e67cd0996821887c9b631a35') in 0.106703 seconds
  Import took 0.112663 seconds .

========================================================================
Received Import Request.
  Time since last request: 0.005556 seconds.
  path: Assets/SamplesResources/AugmentationAssets/Materials/Astronaut/Astronaut.mat
  artifactKey: Guid(175fca8ff17e17d4cb0f527c89b3d392) Importer(815301076,1909f56bfc062723c751e8b465ee728b)
Start importing Assets/SamplesResources/AugmentationAssets/Materials/Astronaut/Astronaut.mat using Guid(175fca8ff17e17d4cb0f527c89b3d392) Importer(815301076,1909f56bfc062723c751e8b465ee728b)  -> (artifact id: '4be85a5b3d4a44ac46d38f2ce1ef0bcb') in 0.085119 seconds
  Import took 0.090121 seconds .

========================================================================
Received Import Request.
  Time since last request: 0.007542 seconds.
  path: Assets/SamplesResources/AugmentationAssets/Textures/Astronaut/Materials/Astronaut_Albedo.mat
  artifactKey: Guid(8076f5fb1e4d4a542be9cd6a39d24026) Importer(815301076,1909f56bfc062723c751e8b465ee728b)
Start importing Assets/SamplesResources/AugmentationAssets/Textures/Astronaut/Materials/Astronaut_Albedo.mat using Guid(8076f5fb1e4d4a542be9cd6a39d24026) Importer(815301076,1909f56bfc062723c751e8b465ee728b)  -> (artifact id: '8d762b02e19dc374527401364b9d551f') in 0.069774 seconds
  Import took 0.074855 seconds .

========================================================================
Received Import Request.
  Time since last request: 28.575369 seconds.
  path: Assets/mat.mat
  artifactKey: Guid(5f197d01b42a0274d904f6fdb644f74d) Importer(815301076,1909f56bfc062723c751e8b465ee728b)
Start importing Assets/mat.mat using Guid(5f197d01b42a0274d904f6fdb644f74d) Importer(815301076,1909f56bfc062723c751e8b465ee728b)  -> (artifact id: 'a459402e8b11a5636942e2dd455de319') in 0.031680 seconds
  Import took 0.038694 seconds .

========================================================================
Received Import Request.
  Time since last request: 186.925656 seconds.
  path: Assets/mat.mat
  artifactKey: Guid(5f197d01b42a0274d904f6fdb644f74d) Importer(815301076,1909f56bfc062723c751e8b465ee728b)
Start importing Assets/mat.mat using Guid(5f197d01b42a0274d904f6fdb644f74d) Importer(815301076,1909f56bfc062723c751e8b465ee728b)  -> (artifact id: '7a8568617eb13307385a2afdcc4e1f98') in 0.022545 seconds
  Import took 0.030838 seconds .

========================================================================
Received Prepare
Registering precompiled user dll's ...
Registered in 0.057020 seconds.
Begin MonoManager ReloadAssembly
Native extension for WindowsStandalone target not found
Refreshing native plugins compatible for Editor in 1.03 ms, found 8 plugins.
Preloading 1 native plugins for Editor in 0.20 ms.
System.NullReferenceException: Object reference not set to an instance of an object
  at Vuforia.EditorClasses.ExtensionTypeProvider.GetVuforiaPackageAbsPath () [0x0004a] in <f93bc12ce1034617aac9a18135b94276>:0 
  at Vuforia.EditorClasses.ExtensionTypeProvider.IsPackageManager () [0x00000] in <f93bc12ce1034617aac9a18135b94276>:0 
  at Vuforia.EditorClasses.ExtensionTypeProvider.ResolvePluginType () [0x00009] in <f93bc12ce1034617aac9a18135b94276>:0 
  at Vuforia.EditorClasses.ExtensionTypeProvider.GetPluginType () [0x0000c] in <f93bc12ce1034617aac9a18135b94276>:0 
  at Vuforia.EditorClasses.VuforiaUtilities.IsVuforiaEnabledInPlayerSettings () [0x00000] in <f93bc12ce1034617aac9a18135b94276>:0 
  at VuforiaEnabledObserver..cctor () [0x00000] in <f93bc12ce1034617aac9a18135b94276>:0 
UnityEngine.StackTraceUtility:ExtractStackTrace ()
UnityEngine.DebugLogHandler:LogFormat (UnityEngine.LogType,UnityEngine.Object,string,object[])
UnityEngine.Logger:Log (UnityEngine.LogType,object)
UnityEngine.Debug:LogError (object)
UnityEditor.EditorAssemblies:ProcessInitializeOnLoadAttributes (System.Type[])

System.NullReferenceException: Object reference not set to an instance of an object
  at Vuforia.EditorClasses.ExtensionTypeProvider.GetVuforiaPackageAbsPath () [0x0004a] in <f93bc12ce1034617aac9a18135b94276>:0 
  at Vuforia.EditorClasses.ExtensionTypeProvider.IsPackageManager () [0x00000] in <f93bc12ce1034617aac9a18135b94276>:0 
  at Vuforia.EditorClasses.ExtensionTypeProvider.ResolvePluginType () [0x00009] in <f93bc12ce1034617aac9a18135b94276>:0 
  at Vuforia.EditorClasses.ExtensionTypeProvider.GetPluginType () [0x0000c] in <f93bc12ce1034617aac9a18135b94276>:0 
  at Vuforia.EditorClasses.VuforiaUtilities.IsVuforiaEnabledInPlayerSettings () [0x00000] in <f93bc12ce1034617aac9a18135b94276>:0 
  at Vuforia.EditorClasses.InitializeOnLoadVuforiaTaskRunner..cctor () [0x00015] in <f93bc12ce1034617aac9a18135b94276>:0 
UnityEngine.StackTraceUtility:ExtractStackTrace ()
UnityEngine.DebugLogHandler:LogFormat (UnityEngine.LogType,UnityEngine.Object,string,object[])
UnityEngine.Logger:Log (UnityEngine.LogType,object)
UnityEngine.Debug:LogError (object)
UnityEditor.EditorAssemblies:ProcessInitializeOnLoadAttributes (System.Type[])

Mono: successfully reloaded assembly
- Completed reload, in  1.392 seconds
Platform modules already initialized, skipping
Shader 'PointClouds/PointSplat': fallback shader 'PointClouds/PointSplatLegacy' not found
Refreshing native plugins compatible for Editor in 0.88 ms, found 8 plugins.
Preloading 1 native plugins for Editor in 0.16 ms.
Unloading 2297 Unused Serialized files (Serialized files now loaded: 0)
System memory in use before: 108.4 MB.
System memory in use after: 108.6 MB.

Unloading 52 unused Assets to reduce memory usage. Loaded Objects now: 3092.
Total: 3.055100 ms (FindLiveObjects: 0.495800 ms CreateObjectMapping: 0.165700 ms MarkObjects: 2.352700 ms  DeleteObjects: 0.039400 ms)

========================================================================
Received Import Request.
  Time since last request: 128.103358 seconds.
  path: Assets/Resources/VuforiaConfiguration.asset
  artifactKey: Guid(f1c3746753ce25045a88ffeb4183ac16) Importer(815301076,1909f56bfc062723c751e8b465ee728b)
Start importing Assets/Resources/VuforiaConfiguration.asset using Guid(f1c3746753ce25045a88ffeb4183ac16) Importer(815301076,1909f56bfc062723c751e8b465ee728b)  -> (artifact id: 'bff655da14162fc22d2fcf478142aaba') in 0.052573 seconds
  Import took 0.057329 seconds .

========================================================================
Received Prepare
Registering precompiled user dll's ...
Registered in 0.146313 seconds.
Begin MonoManager ReloadAssembly
Native extension for WindowsStandalone target not found
Refreshing native plugins compatible for Editor in 1.17 ms, found 8 plugins.
Preloading 1 native plugins for Editor in 0.18 ms.
System.NullReferenceException: Object reference not set to an instance of an object
  at Vuforia.EditorClasses.ExtensionTypeProvider.GetVuforiaPackageAbsPath () [0x0004a] in <f93bc12ce1034617aac9a18135b94276>:0 
  at Vuforia.EditorClasses.ExtensionTypeProvider.IsPackageManager () [0x00000] in <f93bc12ce1034617aac9a18135b94276>:0 
  at Vuforia.EditorClasses.ExtensionTypeProvider.ResolvePluginType () [0x00009] in <f93bc12ce1034617aac9a18135b94276>:0 
  at Vuforia.EditorClasses.ExtensionTypeProvider.GetPluginType () [0x0000c] in <f93bc12ce1034617aac9a18135b94276>:0 
  at Vuforia.EditorClasses.VuforiaUtilities.IsVuforiaEnabledInPlayerSettings () [0x00000] in <f93bc12ce1034617aac9a18135b94276>:0 
  at VuforiaEnabledObserver..cctor () [0x00000] in <f93bc12ce1034617aac9a18135b94276>:0 
UnityEngine.StackTraceUtility:ExtractStackTrace ()
UnityEngine.DebugLogHandler:LogFormat (UnityEngine.LogType,UnityEngine.Object,string,object[])
UnityEngine.Logger:Log (UnityEngine.LogType,object)
UnityEngine.Debug:LogError (object)
UnityEditor.EditorAssemblies:ProcessInitializeOnLoadAttributes (System.Type[])

System.NullReferenceException: Object reference not set to an instance of an object
  at Vuforia.EditorClasses.ExtensionTypeProvider.GetVuforiaPackageAbsPath () [0x0004a] in <f93bc12ce1034617aac9a18135b94276>:0 
  at Vuforia.EditorClasses.ExtensionTypeProvider.IsPackageManager () [0x00000] in <f93bc12ce1034617aac9a18135b94276>:0 
  at Vuforia.EditorClasses.ExtensionTypeProvider.ResolvePluginType () [0x00009] in <f93bc12ce1034617aac9a18135b94276>:0 
  at Vuforia.EditorClasses.ExtensionTypeProvider.GetPluginType () [0x0000c] in <f93bc12ce1034617aac9a18135b94276>:0 
  at Vuforia.EditorClasses.VuforiaUtilities.IsVuforiaEnabledInPlayerSettings () [0x00000] in <f93bc12ce1034617aac9a18135b94276>:0 
  at Vuforia.EditorClasses.InitializeOnLoadVuforiaTaskRunner..cctor () [0x00015] in <f93bc12ce1034617aac9a18135b94276>:0 
UnityEngine.StackTraceUtility:ExtractStackTrace ()
UnityEngine.DebugLogHandler:LogFormat (UnityEngine.LogType,UnityEngine.Object,string,object[])
UnityEngine.Logger:Log (UnityEngine.LogType,object)
UnityEngine.Debug:LogError (object)
UnityEditor.EditorAssemblies:ProcessInitializeOnLoadAttributes (System.Type[])

Mono: successfully reloaded assembly
- Completed reload, in  1.785 seconds
Platform modules already initialized, skipping
Shader 'PointClouds/PointSplat': fallback shader 'PointClouds/PointSplatLegacy' not found
Refreshing native plugins compatible for Editor in 1.07 ms, found 8 plugins.
Preloading 1 native plugins for Editor in 0.15 ms.
Unloading 2297 Unused Serialized files (Serialized files now loaded: 0)
System memory in use before: 108.4 MB.
System memory in use after: 108.6 MB.

Unloading 52 unused Assets to reduce memory usage. Loaded Objects now: 3097.
Total: 4.807000 ms (FindLiveObjects: 0.462700 ms CreateObjectMapping: 0.180800 ms MarkObjects: 4.115700 ms  DeleteObjects: 0.045900 ms)

