Using pre-set license
Built from '2020.3/staging' branch; Version is '2020.3.11f1 (99c7afb366b3) revision 10078127'; Using compiler version '192528614'; Build Type 'Release'
OS: 'Windows 10 Pro; OS build 19042.1052; Version 2009; 64bit' Language: 'en' Physical Memory: 8066 MB
BatchMode: 1, IsHumanControllingUs: 0, StartBugReporterOnCrash: 0, Is64bit: 1, IsPro: 0

 COMMAND LINE ARGUMENTS:
C:\Program Files\Unity\Hub\Editor\2020.3.11f1\Editor\Unity.exe
-adb2
-batchMode
-noUpm
-name
AssetImportWorker0
-projectPath
C:/Users/marco/Desktop/SOL-AR/SOL-AR/SOL-AR_vuforia
-logFile
Logs/AssetImportWorker0.log
-srvPort
55510
Successfully changed project path to: C:/Users/marco/Desktop/SOL-AR/SOL-AR/SOL-AR_vuforia
C:/Users/marco/Desktop/SOL-AR/SOL-AR/SOL-AR_vuforia
Using Asset Import Pipeline V2.
Refreshing native plugins compatible for Editor in 213.43 ms, found 10 plugins.
Preloading 1 native plugins for Editor in 7.06 ms.
Initialize engine version: 2020.3.11f1 (99c7afb366b3)
[Subsystems] Discovering subsystems at path C:/Program Files/Unity/Hub/Editor/2020.3.11f1/Editor/Data/Resources/UnitySubsystems
[Subsystems] Discovering subsystems at path C:/Users/marco/Desktop/SOL-AR/SOL-AR/SOL-AR_vuforia/Assets
GfxDevice: creating device client; threaded=0
Direct3D:
    Version:  Direct3D 11.0 [level 11.1]
    Renderer: Intel(R) HD Graphics 5500 (ID=0x1616)
    Vendor:   
    VRAM:     4033 MB
    Driver:   20.19.15.5126
Shader 'PointClouds/PointSplat': fallback shader 'PointClouds/PointSplatLegacy' not found
Initialize mono
Mono path[0] = 'C:/Program Files/Unity/Hub/Editor/2020.3.11f1/Editor/Data/Managed'
Mono path[1] = 'C:/Program Files/Unity/Hub/Editor/2020.3.11f1/Editor/Data/MonoBleedingEdge/lib/mono/unityjit'
Mono config path = 'C:/Program Files/Unity/Hub/Editor/2020.3.11f1/Editor/Data/MonoBleedingEdge/etc'
Using monoOptions --debugger-agent=transport=dt_socket,embedding=1,server=y,suspend=n,address=127.0.0.1:56224
Begin MonoManager ReloadAssembly
Registering precompiled unity dll's ...
Register platform support module: C:/Program Files/Unity/Hub/Editor/2020.3.11f1/Editor/Data/PlaybackEngines/WindowsStandaloneSupport/UnityEditor.WindowsStandalone.Extensions.dll
Registered in 0.003119 seconds.
Native extension for WindowsStandalone target not found
Refreshing native plugins compatible for Editor in 92.27 ms, found 10 plugins.
Preloading 1 native plugins for Editor in 0.16 ms.
Mono: successfully reloaded assembly
- Completed reload, in  3.993 seconds
Platform modules already initialized, skipping
Registering precompiled user dll's ...
Registered in 0.033572 seconds.
Begin MonoManager ReloadAssembly
Native extension for WindowsStandalone target not found
Refreshing native plugins compatible for Editor in 150.74 ms, found 10 plugins.
Preloading 1 native plugins for Editor in 0.14 ms.
System.NullReferenceException: Object reference not set to an instance of an object
  at Vuforia.EditorClasses.ExtensionTypeProvider.GetVuforiaPackageAbsPath () [0x0004a] in <f93bc12ce1034617aac9a18135b94276>:0 
  at Vuforia.EditorClasses.ExtensionTypeProvider.IsPackageManager () [0x00000] in <f93bc12ce1034617aac9a18135b94276>:0 
  at Vuforia.EditorClasses.ExtensionTypeProvider.ResolvePluginType () [0x00009] in <f93bc12ce1034617aac9a18135b94276>:0 
  at Vuforia.EditorClasses.ExtensionTypeProvider.GetPluginType () [0x0000c] in <f93bc12ce1034617aac9a18135b94276>:0 
  at Vuforia.EditorClasses.VuforiaUtilities.IsVuforiaEnabledInPlayerSettings () [0x00000] in <f93bc12ce1034617aac9a18135b94276>:0 
  at VuforiaEnabledObserver..cctor () [0x00000] in <f93bc12ce1034617aac9a18135b94276>:0 
UnityEngine.StackTraceUtility:ExtractStackTrace ()
UnityEngine.DebugLogHandler:LogFormat (UnityEngine.LogType,UnityEngine.Object,string,object[])
UnityEngine.Logger:Log (UnityEngine.LogType,object)
UnityEngine.Debug:LogError (object)
UnityEditor.EditorAssemblies:ProcessInitializeOnLoadAttributes (System.Type[])

System.NullReferenceException: Object reference not set to an instance of an object
  at Vuforia.EditorClasses.ExtensionTypeProvider.GetVuforiaPackageAbsPath () [0x0004a] in <f93bc12ce1034617aac9a18135b94276>:0 
  at Vuforia.EditorClasses.ExtensionTypeProvider.IsPackageManager () [0x00000] in <f93bc12ce1034617aac9a18135b94276>:0 
  at Vuforia.EditorClasses.ExtensionTypeProvider.ResolvePluginType () [0x00009] in <f93bc12ce1034617aac9a18135b94276>:0 
  at Vuforia.EditorClasses.ExtensionTypeProvider.GetPluginType () [0x0000c] in <f93bc12ce1034617aac9a18135b94276>:0 
  at Vuforia.EditorClasses.VuforiaUtilities.IsVuforiaEnabledInPlayerSettings () [0x00000] in <f93bc12ce1034617aac9a18135b94276>:0 
  at Vuforia.EditorClasses.InitializeOnLoadVuforiaTaskRunner..cctor () [0x00015] in <f93bc12ce1034617aac9a18135b94276>:0 
UnityEngine.StackTraceUtility:ExtractStackTrace ()
UnityEngine.DebugLogHandler:LogFormat (UnityEngine.LogType,UnityEngine.Object,string,object[])
UnityEngine.Logger:Log (UnityEngine.LogType,object)
UnityEngine.Debug:LogError (object)
UnityEditor.EditorAssemblies:ProcessInitializeOnLoadAttributes (System.Type[])

Mono: successfully reloaded assembly
Refresh completed but there are assets queued up for importing. Check for code that modifies assets which gets called after OnPostProcessAllAssets. Additional details in Log file
UnityEngine.StackTraceUtility:ExtractStackTrace ()
UnityEditor.XR.OpenXR.Features.FeatureHelpersInternal:GetAllFeatureInfo (UnityEditor.BuildTargetGroup) (at Library/PackageCache/com.unity.xr.openxr@1.2.0/Editor/FeatureSupport/FeatureHelpers.cs:188)
UnityEditor.XR.OpenXR.Features.OpenXRFeatureSetManager:SetFeaturesFromEnabledFeatureSets (UnityEditor.BuildTargetGroup) (at Library/PackageCache/com.unity.xr.openxr@1.2.0/Editor/FeatureSupport/OpenXRFeatureSetManager.cs:368)
UnityEditor.XR.OpenXR.Features.OpenXRFeatureSetManager:InitializeFeatureSets (bool) (at Library/PackageCache/com.unity.xr.openxr@1.2.0/Editor/FeatureSupport/OpenXRFeatureSetManager.cs:298)
UnityEditor.XR.OpenXR.Features.OpenXRFeatureSetManager:InitializeFeatureSets () (at Library/PackageCache/com.unity.xr.openxr@1.2.0/Editor/FeatureSupport/OpenXRFeatureSetManager.cs:214)
UnityEditor.XR.OpenXR.Features.OpenXRFeatureSetManager:OnAssemblyReload () (at Library/PackageCache/com.unity.xr.openxr@1.2.0/Editor/FeatureSupport/OpenXRFeatureSetManager.cs:30)
UnityEditor.AssemblyReloadEvents:OnAfterAssemblyReload ()

[Library/PackageCache/com.unity.xr.openxr@1.2.0/Editor/FeatureSupport/FeatureHelpers.cs line 188]

Assets queued for import after Refresh completed:
	Assets/XR/Settings/Open XR Package Settings.asset
RefreshInfo: StopAssetImportingV2(NoUpdateAssetOptions) scanfilter: 
RefreshProfiler: Total: 0.000ms
Assertion failed on expression: 'm_Ptr'
UnityEngine.StackTraceUtility:ExtractStackTrace ()
UnityEditor.XR.OpenXR.Features.FeatureHelpersInternal:GetAllFeatureInfo (UnityEditor.BuildTargetGroup) (at Library/PackageCache/com.unity.xr.openxr@1.2.0/Editor/FeatureSupport/FeatureHelpers.cs:188)
UnityEditor.XR.OpenXR.Features.OpenXRFeatureSetManager:SetFeaturesFromEnabledFeatureSets (UnityEditor.BuildTargetGroup) (at Library/PackageCache/com.unity.xr.openxr@1.2.0/Editor/FeatureSupport/OpenXRFeatureSetManager.cs:368)
UnityEditor.XR.OpenXR.Features.OpenXRFeatureSetManager:InitializeFeatureSets (bool) (at Library/PackageCache/com.unity.xr.openxr@1.2.0/Editor/FeatureSupport/OpenXRFeatureSetManager.cs:298)
UnityEditor.XR.OpenXR.Features.OpenXRFeatureSetManager:InitializeFeatureSets () (at Library/PackageCache/com.unity.xr.openxr@1.2.0/Editor/FeatureSupport/OpenXRFeatureSetManager.cs:214)
UnityEditor.XR.OpenXR.Features.OpenXRFeatureSetManager:OnAssemblyReload () (at Library/PackageCache/com.unity.xr.openxr@1.2.0/Editor/FeatureSupport/OpenXRFeatureSetManager.cs:30)
UnityEditor.AssemblyReloadEvents:OnAfterAssemblyReload ()

[Library/PackageCache/com.unity.xr.openxr@1.2.0/Editor/FeatureSupport/FeatureHelpers.cs line 188]

Refresh completed but there are assets queued up for importing. Check for code that modifies assets which gets called after OnPostProcessAllAssets. Additional details in Log file
UnityEngine.StackTraceUtility:ExtractStackTrace ()
UnityEditor.XR.OpenXR.Features.FeatureHelpersInternal:GetAllFeatureInfo (UnityEditor.BuildTargetGroup) (at Library/PackageCache/com.unity.xr.openxr@1.2.0/Editor/FeatureSupport/FeatureHelpers.cs:188)
UnityEditor.XR.OpenXR.Features.OpenXRFeatureSetManager:SetFeaturesFromEnabledFeatureSets (UnityEditor.BuildTargetGroup) (at Library/PackageCache/com.unity.xr.openxr@1.2.0/Editor/FeatureSupport/OpenXRFeatureSetManager.cs:368)
UnityEditor.XR.OpenXR.Features.OpenXRFeatureSetManager:InitializeFeatureSets (bool) (at Library/PackageCache/com.unity.xr.openxr@1.2.0/Editor/FeatureSupport/OpenXRFeatureSetManager.cs:298)
UnityEditor.XR.OpenXR.Features.OpenXRFeatureSetManager:InitializeFeatureSets () (at Library/PackageCache/com.unity.xr.openxr@1.2.0/Editor/FeatureSupport/OpenXRFeatureSetManager.cs:214)
UnityEditor.XR.OpenXR.Features.OpenXRFeatureSetManager:OnAssemblyReload () (at Library/PackageCache/com.unity.xr.openxr@1.2.0/Editor/FeatureSupport/OpenXRFeatureSetManager.cs:30)
UnityEditor.AssemblyReloadEvents:OnAfterAssemblyReload ()

[Library/PackageCache/com.unity.xr.openxr@1.2.0/Editor/FeatureSupport/FeatureHelpers.cs line 188]

Assets queued for import after Refresh completed:
	Assets/XR/Settings/Open XR Package Settings.asset
RefreshInfo: StopAssetImportingV2(NoUpdateAssetOptions) scanfilter: 
RefreshProfiler: Total: 0.000ms
Assertion failed on expression: 'm_Ptr'
UnityEngine.StackTraceUtility:ExtractStackTrace ()
UnityEditor.XR.OpenXR.Features.FeatureHelpersInternal:GetAllFeatureInfo (UnityEditor.BuildTargetGroup) (at Library/PackageCache/com.unity.xr.openxr@1.2.0/Editor/FeatureSupport/FeatureHelpers.cs:188)
UnityEditor.XR.OpenXR.Features.OpenXRFeatureSetManager:SetFeaturesFromEnabledFeatureSets (UnityEditor.BuildTargetGroup) (at Library/PackageCache/com.unity.xr.openxr@1.2.0/Editor/FeatureSupport/OpenXRFeatureSetManager.cs:368)
UnityEditor.XR.OpenXR.Features.OpenXRFeatureSetManager:InitializeFeatureSets (bool) (at Library/PackageCache/com.unity.xr.openxr@1.2.0/Editor/FeatureSupport/OpenXRFeatureSetManager.cs:298)
UnityEditor.XR.OpenXR.Features.OpenXRFeatureSetManager:InitializeFeatureSets () (at Library/PackageCache/com.unity.xr.openxr@1.2.0/Editor/FeatureSupport/OpenXRFeatureSetManager.cs:214)
UnityEditor.XR.OpenXR.Features.OpenXRFeatureSetManager:OnAssemblyReload () (at Library/PackageCache/com.unity.xr.openxr@1.2.0/Editor/FeatureSupport/OpenXRFeatureSetManager.cs:30)
UnityEditor.AssemblyReloadEvents:OnAfterAssemblyReload ()

[Library/PackageCache/com.unity.xr.openxr@1.2.0/Editor/FeatureSupport/FeatureHelpers.cs line 188]

Refresh completed but there are assets queued up for importing. Check for code that modifies assets which gets called after OnPostProcessAllAssets. Additional details in Log file
UnityEngine.StackTraceUtility:ExtractStackTrace ()
UnityEditor.XR.OpenXR.Features.FeatureHelpersInternal:GetAllFeatureInfo (UnityEditor.BuildTargetGroup) (at Library/PackageCache/com.unity.xr.openxr@1.2.0/Editor/FeatureSupport/FeatureHelpers.cs:188)
UnityEditor.XR.OpenXR.Features.OpenXRFeatureSetManager:SetFeaturesFromEnabledFeatureSets (UnityEditor.BuildTargetGroup) (at Library/PackageCache/com.unity.xr.openxr@1.2.0/Editor/FeatureSupport/OpenXRFeatureSetManager.cs:368)
UnityEditor.XR.OpenXR.Features.OpenXRFeatureSetManager:InitializeFeatureSets (bool) (at Library/PackageCache/com.unity.xr.openxr@1.2.0/Editor/FeatureSupport/OpenXRFeatureSetManager.cs:298)
UnityEditor.XR.OpenXR.Features.OpenXRFeatureSetManager:InitializeFeatureSets () (at Library/PackageCache/com.unity.xr.openxr@1.2.0/Editor/FeatureSupport/OpenXRFeatureSetManager.cs:214)
UnityEditor.XR.OpenXR.Features.OpenXRFeatureSetManager:OnAssemblyReload () (at Library/PackageCache/com.unity.xr.openxr@1.2.0/Editor/FeatureSupport/OpenXRFeatureSetManager.cs:30)
UnityEditor.AssemblyReloadEvents:OnAfterAssemblyReload ()

[Library/PackageCache/com.unity.xr.openxr@1.2.0/Editor/FeatureSupport/FeatureHelpers.cs line 188]

Assets queued for import after Refresh completed:
	Assets/XR/Settings/Open XR Package Settings.asset
RefreshInfo: StopAssetImportingV2(NoUpdateAssetOptions) scanfilter: 
RefreshProfiler: Total: 0.000ms
Assertion failed on expression: 'm_Ptr'
UnityEngine.StackTraceUtility:ExtractStackTrace ()
UnityEditor.XR.OpenXR.Features.FeatureHelpersInternal:GetAllFeatureInfo (UnityEditor.BuildTargetGroup) (at Library/PackageCache/com.unity.xr.openxr@1.2.0/Editor/FeatureSupport/FeatureHelpers.cs:188)
UnityEditor.XR.OpenXR.Features.OpenXRFeatureSetManager:SetFeaturesFromEnabledFeatureSets (UnityEditor.BuildTargetGroup) (at Library/PackageCache/com.unity.xr.openxr@1.2.0/Editor/FeatureSupport/OpenXRFeatureSetManager.cs:368)
UnityEditor.XR.OpenXR.Features.OpenXRFeatureSetManager:InitializeFeatureSets (bool) (at Library/PackageCache/com.unity.xr.openxr@1.2.0/Editor/FeatureSupport/OpenXRFeatureSetManager.cs:298)
UnityEditor.XR.OpenXR.Features.OpenXRFeatureSetManager:InitializeFeatureSets () (at Library/PackageCache/com.unity.xr.openxr@1.2.0/Editor/FeatureSupport/OpenXRFeatureSetManager.cs:214)
UnityEditor.XR.OpenXR.Features.OpenXRFeatureSetManager:OnAssemblyReload () (at Library/PackageCache/com.unity.xr.openxr@1.2.0/Editor/FeatureSupport/OpenXRFeatureSetManager.cs:30)
UnityEditor.AssemblyReloadEvents:OnAfterAssemblyReload ()

[Library/PackageCache/com.unity.xr.openxr@1.2.0/Editor/FeatureSupport/FeatureHelpers.cs line 188]

Refresh completed but there are assets queued up for importing. Check for code that modifies assets which gets called after OnPostProcessAllAssets. Additional details in Log file
UnityEngine.StackTraceUtility:ExtractStackTrace ()
UnityEditor.XR.OpenXR.Features.FeatureHelpersInternal:GetAllFeatureInfo (UnityEditor.BuildTargetGroup) (at Library/PackageCache/com.unity.xr.openxr@1.2.0/Editor/FeatureSupport/FeatureHelpers.cs:188)
UnityEditor.XR.OpenXR.Features.OpenXRFeatureSetManager:SetFeaturesFromEnabledFeatureSets (UnityEditor.BuildTargetGroup) (at Library/PackageCache/com.unity.xr.openxr@1.2.0/Editor/FeatureSupport/OpenXRFeatureSetManager.cs:368)
UnityEditor.XR.OpenXR.Features.OpenXRFeatureSetManager:InitializeFeatureSets (bool) (at Library/PackageCache/com.unity.xr.openxr@1.2.0/Editor/FeatureSupport/OpenXRFeatureSetManager.cs:298)
UnityEditor.XR.OpenXR.Features.OpenXRFeatureSetManager:InitializeFeatureSets () (at Library/PackageCache/com.unity.xr.openxr@1.2.0/Editor/FeatureSupport/OpenXRFeatureSetManager.cs:214)
UnityEditor.XR.OpenXR.Features.OpenXRFeatureSetManager:OnAssemblyReload () (at Library/PackageCache/com.unity.xr.openxr@1.2.0/Editor/FeatureSupport/OpenXRFeatureSetManager.cs:30)
UnityEditor.AssemblyReloadEvents:OnAfterAssemblyReload ()

[Library/PackageCache/com.unity.xr.openxr@1.2.0/Editor/FeatureSupport/FeatureHelpers.cs line 188]

Assets queued for import after Refresh completed:
	Assets/XR/Settings/Open XR Package Settings.asset
RefreshInfo: StopAssetImportingV2(NoUpdateAssetOptions) scanfilter: 
RefreshProfiler: Total: 0.000ms
Assertion failed on expression: 'm_Ptr'
UnityEngine.StackTraceUtility:ExtractStackTrace ()
UnityEditor.XR.OpenXR.Features.FeatureHelpersInternal:GetAllFeatureInfo (UnityEditor.BuildTargetGroup) (at Library/PackageCache/com.unity.xr.openxr@1.2.0/Editor/FeatureSupport/FeatureHelpers.cs:188)
UnityEditor.XR.OpenXR.Features.OpenXRFeatureSetManager:SetFeaturesFromEnabledFeatureSets (UnityEditor.BuildTargetGroup) (at Library/PackageCache/com.unity.xr.openxr@1.2.0/Editor/FeatureSupport/OpenXRFeatureSetManager.cs:368)
UnityEditor.XR.OpenXR.Features.OpenXRFeatureSetManager:InitializeFeatureSets (bool) (at Library/PackageCache/com.unity.xr.openxr@1.2.0/Editor/FeatureSupport/OpenXRFeatureSetManager.cs:298)
UnityEditor.XR.OpenXR.Features.OpenXRFeatureSetManager:InitializeFeatureSets () (at Library/PackageCache/com.unity.xr.openxr@1.2.0/Editor/FeatureSupport/OpenXRFeatureSetManager.cs:214)
UnityEditor.XR.OpenXR.Features.OpenXRFeatureSetManager:OnAssemblyReload () (at Library/PackageCache/com.unity.xr.openxr@1.2.0/Editor/FeatureSupport/OpenXRFeatureSetManager.cs:30)
UnityEditor.AssemblyReloadEvents:OnAfterAssemblyReload ()

[Library/PackageCache/com.unity.xr.openxr@1.2.0/Editor/FeatureSupport/FeatureHelpers.cs line 188]

Refresh completed but there are assets queued up for importing. Check for code that modifies assets which gets called after OnPostProcessAllAssets. Additional details in Log file
UnityEngine.StackTraceUtility:ExtractStackTrace ()
UnityEditor.XR.OpenXR.Features.FeatureHelpersInternal:GetAllFeatureInfo (UnityEditor.BuildTargetGroup) (at Library/PackageCache/com.unity.xr.openxr@1.2.0/Editor/FeatureSupport/FeatureHelpers.cs:188)
UnityEditor.XR.OpenXR.Features.OpenXRFeatureSetManager:SetFeaturesFromEnabledFeatureSets (UnityEditor.BuildTargetGroup) (at Library/PackageCache/com.unity.xr.openxr@1.2.0/Editor/FeatureSupport/OpenXRFeatureSetManager.cs:368)
UnityEditor.XR.OpenXR.Features.OpenXRFeatureSetManager:InitializeFeatureSets (bool) (at Library/PackageCache/com.unity.xr.openxr@1.2.0/Editor/FeatureSupport/OpenXRFeatureSetManager.cs:298)
UnityEditor.XR.OpenXR.Features.OpenXRFeatureSetManager:InitializeFeatureSets () (at Library/PackageCache/com.unity.xr.openxr@1.2.0/Editor/FeatureSupport/OpenXRFeatureSetManager.cs:214)
UnityEditor.XR.OpenXR.Features.OpenXRFeatureSetManager:OnAssemblyReload () (at Library/PackageCache/com.unity.xr.openxr@1.2.0/Editor/FeatureSupport/OpenXRFeatureSetManager.cs:30)
UnityEditor.AssemblyReloadEvents:OnAfterAssemblyReload ()

[Library/PackageCache/com.unity.xr.openxr@1.2.0/Editor/FeatureSupport/FeatureHelpers.cs line 188]

Assets queued for import after Refresh completed:
	Assets/XR/Settings/Open XR Package Settings.asset
RefreshInfo: StopAssetImportingV2(NoUpdateAssetOptions) scanfilter: 
RefreshProfiler: Total: 0.000ms
Assertion failed on expression: 'm_Ptr'
UnityEngine.StackTraceUtility:ExtractStackTrace ()
UnityEditor.XR.OpenXR.Features.FeatureHelpersInternal:GetAllFeatureInfo (UnityEditor.BuildTargetGroup) (at Library/PackageCache/com.unity.xr.openxr@1.2.0/Editor/FeatureSupport/FeatureHelpers.cs:188)
UnityEditor.XR.OpenXR.Features.OpenXRFeatureSetManager:SetFeaturesFromEnabledFeatureSets (UnityEditor.BuildTargetGroup) (at Library/PackageCache/com.unity.xr.openxr@1.2.0/Editor/FeatureSupport/OpenXRFeatureSetManager.cs:368)
UnityEditor.XR.OpenXR.Features.OpenXRFeatureSetManager:InitializeFeatureSets (bool) (at Library/PackageCache/com.unity.xr.openxr@1.2.0/Editor/FeatureSupport/OpenXRFeatureSetManager.cs:298)
UnityEditor.XR.OpenXR.Features.OpenXRFeatureSetManager:InitializeFeatureSets () (at Library/PackageCache/com.unity.xr.openxr@1.2.0/Editor/FeatureSupport/OpenXRFeatureSetManager.cs:214)
UnityEditor.XR.OpenXR.Features.OpenXRFeatureSetManager:OnAssemblyReload () (at Library/PackageCache/com.unity.xr.openxr@1.2.0/Editor/FeatureSupport/OpenXRFeatureSetManager.cs:30)
UnityEditor.AssemblyReloadEvents:OnAfterAssemblyReload ()

[Library/PackageCache/com.unity.xr.openxr@1.2.0/Editor/FeatureSupport/FeatureHelpers.cs line 188]

Refresh completed but there are assets queued up for importing. Check for code that modifies assets which gets called after OnPostProcessAllAssets. Additional details in Log file
UnityEngine.StackTraceUtility:ExtractStackTrace ()
UnityEditor.XR.OpenXR.Features.FeatureHelpersInternal:GetAllFeatureInfo (UnityEditor.BuildTargetGroup) (at Library/PackageCache/com.unity.xr.openxr@1.2.0/Editor/FeatureSupport/FeatureHelpers.cs:188)
UnityEditor.XR.OpenXR.Features.OpenXRFeatureSetManager:SetFeaturesFromEnabledFeatureSets (UnityEditor.BuildTargetGroup) (at Library/PackageCache/com.unity.xr.openxr@1.2.0/Editor/FeatureSupport/OpenXRFeatureSetManager.cs:368)
UnityEditor.XR.OpenXR.Features.OpenXRFeatureSetManager:InitializeFeatureSets (bool) (at Library/PackageCache/com.unity.xr.openxr@1.2.0/Editor/FeatureSupport/OpenXRFeatureSetManager.cs:298)
UnityEditor.XR.OpenXR.Features.OpenXRFeatureSetManager:InitializeFeatureSets () (at Library/PackageCache/com.unity.xr.openxr@1.2.0/Editor/FeatureSupport/OpenXRFeatureSetManager.cs:214)
UnityEditor.XR.OpenXR.Features.OpenXRFeatureSetManager:OnAssemblyReload () (at Library/PackageCache/com.unity.xr.openxr@1.2.0/Editor/FeatureSupport/OpenXRFeatureSetManager.cs:30)
UnityEditor.AssemblyReloadEvents:OnAfterAssemblyReload ()

[Library/PackageCache/com.unity.xr.openxr@1.2.0/Editor/FeatureSupport/FeatureHelpers.cs line 188]

Assets queued for import after Refresh completed:
	Assets/XR/Settings/Open XR Package Settings.asset
RefreshInfo: StopAssetImportingV2(NoUpdateAssetOptions) scanfilter: 
RefreshProfiler: Total: 0.000ms
Assertion failed on expression: 'm_Ptr'
UnityEngine.StackTraceUtility:ExtractStackTrace ()
UnityEditor.XR.OpenXR.Features.FeatureHelpersInternal:GetAllFeatureInfo (UnityEditor.BuildTargetGroup) (at Library/PackageCache/com.unity.xr.openxr@1.2.0/Editor/FeatureSupport/FeatureHelpers.cs:188)
UnityEditor.XR.OpenXR.Features.OpenXRFeatureSetManager:SetFeaturesFromEnabledFeatureSets (UnityEditor.BuildTargetGroup) (at Library/PackageCache/com.unity.xr.openxr@1.2.0/Editor/FeatureSupport/OpenXRFeatureSetManager.cs:368)
UnityEditor.XR.OpenXR.Features.OpenXRFeatureSetManager:InitializeFeatureSets (bool) (at Library/PackageCache/com.unity.xr.openxr@1.2.0/Editor/FeatureSupport/OpenXRFeatureSetManager.cs:298)
UnityEditor.XR.OpenXR.Features.OpenXRFeatureSetManager:InitializeFeatureSets () (at Library/PackageCache/com.unity.xr.openxr@1.2.0/Editor/FeatureSupport/OpenXRFeatureSetManager.cs:214)
UnityEditor.XR.OpenXR.Features.OpenXRFeatureSetManager:OnAssemblyReload () (at Library/PackageCache/com.unity.xr.openxr@1.2.0/Editor/FeatureSupport/OpenXRFeatureSetManager.cs:30)
UnityEditor.AssemblyReloadEvents:OnAfterAssemblyReload ()

[Library/PackageCache/com.unity.xr.openxr@1.2.0/Editor/FeatureSupport/FeatureHelpers.cs line 188]

Refresh completed but there are assets queued up for importing. Check for code that modifies assets which gets called after OnPostProcessAllAssets. Additional details in Log file
UnityEngine.StackTraceUtility:ExtractStackTrace ()
UnityEditor.XR.OpenXR.Features.FeatureHelpersInternal:GetAllFeatureInfo (UnityEditor.BuildTargetGroup) (at Library/PackageCache/com.unity.xr.openxr@1.2.0/Editor/FeatureSupport/FeatureHelpers.cs:188)
UnityEditor.XR.OpenXR.Features.OpenXRFeatureSetManager:SetFeaturesFromEnabledFeatureSets (UnityEditor.BuildTargetGroup) (at Library/PackageCache/com.unity.xr.openxr@1.2.0/Editor/FeatureSupport/OpenXRFeatureSetManager.cs:368)
UnityEditor.XR.OpenXR.Features.OpenXRFeatureSetManager:InitializeFeatureSets (bool) (at Library/PackageCache/com.unity.xr.openxr@1.2.0/Editor/FeatureSupport/OpenXRFeatureSetManager.cs:298)
UnityEditor.XR.OpenXR.Features.OpenXRFeatureSetManager:InitializeFeatureSets () (at Library/PackageCache/com.unity.xr.openxr@1.2.0/Editor/FeatureSupport/OpenXRFeatureSetManager.cs:214)
UnityEditor.XR.OpenXR.Features.OpenXRFeatureSetManager:OnAssemblyReload () (at Library/PackageCache/com.unity.xr.openxr@1.2.0/Editor/FeatureSupport/OpenXRFeatureSetManager.cs:30)
UnityEditor.AssemblyReloadEvents:OnAfterAssemblyReload ()

[Library/PackageCache/com.unity.xr.openxr@1.2.0/Editor/FeatureSupport/FeatureHelpers.cs line 188]

Assets queued for import after Refresh completed:
	Assets/XR/Settings/Open XR Package Settings.asset
RefreshInfo: StopAssetImportingV2(NoUpdateAssetOptions) scanfilter: 
RefreshProfiler: Total: 0.000ms
Assertion failed on expression: 'm_Ptr'
UnityEngine.StackTraceUtility:ExtractStackTrace ()
UnityEditor.XR.OpenXR.Features.FeatureHelpersInternal:GetAllFeatureInfo (UnityEditor.BuildTargetGroup) (at Library/PackageCache/com.unity.xr.openxr@1.2.0/Editor/FeatureSupport/FeatureHelpers.cs:188)
UnityEditor.XR.OpenXR.Features.OpenXRFeatureSetManager:SetFeaturesFromEnabledFeatureSets (UnityEditor.BuildTargetGroup) (at Library/PackageCache/com.unity.xr.openxr@1.2.0/Editor/FeatureSupport/OpenXRFeatureSetManager.cs:368)
UnityEditor.XR.OpenXR.Features.OpenXRFeatureSetManager:InitializeFeatureSets (bool) (at Library/PackageCache/com.unity.xr.openxr@1.2.0/Editor/FeatureSupport/OpenXRFeatureSetManager.cs:298)
UnityEditor.XR.OpenXR.Features.OpenXRFeatureSetManager:InitializeFeatureSets () (at Library/PackageCache/com.unity.xr.openxr@1.2.0/Editor/FeatureSupport/OpenXRFeatureSetManager.cs:214)
UnityEditor.XR.OpenXR.Features.OpenXRFeatureSetManager:OnAssemblyReload () (at Library/PackageCache/com.unity.xr.openxr@1.2.0/Editor/FeatureSupport/OpenXRFeatureSetManager.cs:30)
UnityEditor.AssemblyReloadEvents:OnAfterAssemblyReload ()

[Library/PackageCache/com.unity.xr.openxr@1.2.0/Editor/FeatureSupport/FeatureHelpers.cs line 188]

- Completed reload, in  2.564 seconds
Platform modules already initialized, skipping
========================================================================
Worker process is ready to serve import requests
Shader 'PointClouds/PointSplat': fallback shader 'PointClouds/PointSplatLegacy' not found
Launched and connected shader compiler UnityShaderCompiler.exe after 0.07 seconds
Refreshing native plugins compatible for Editor in 1.23 ms, found 10 plugins.
Preloading 1 native plugins for Editor in 0.14 ms.
Unloading 2604 Unused Serialized files (Serialized files now loaded: 0)
System memory in use before: 117.8 MB.
System memory in use after: 117.6 MB.

Unloading 97 unused Assets to reduce memory usage. Loaded Objects now: 3340.
Total: 5.389200 ms (FindLiveObjects: 0.497500 ms CreateObjectMapping: 0.310400 ms MarkObjects: 4.122900 ms  DeleteObjects: 0.456100 ms)

========================================================================
Received Import Request.
  path: Assets/Scenes/GameScreen.unity
  artifactKey: Guid(295a512fe3a335b47929bc28dcac6fd3) Importer(815301076,1909f56bfc062723c751e8b465ee728b)
Start importing Assets/Scenes/GameScreen.unity using Guid(295a512fe3a335b47929bc28dcac6fd3) Importer(815301076,1909f56bfc062723c751e8b465ee728b)  -> (artifact id: '2640b20f159a0747580ae9879d474835') in 0.054992 seconds
  Import took 0.061563 seconds .

========================================================================
Received Import Request.
  Time since last request: 0.000363 seconds.
  path: Assets/Scenes/SampleScene.unity
  artifactKey: Guid(2cda990e2423bbf4892e6590ba056729) Importer(815301076,1909f56bfc062723c751e8b465ee728b)
Start importing Assets/Scenes/SampleScene.unity using Guid(2cda990e2423bbf4892e6590ba056729) Importer(815301076,1909f56bfc062723c751e8b465ee728b)  -> (artifact id: 'b0d2a101b5f3c138c447f72c6d19cade') in 0.012235 seconds
  Import took 0.022758 seconds .

========================================================================
Received Import Request.
  Time since last request: 0.000327 seconds.
  path: Assets/Scenes/AnotherOne.unity
  artifactKey: Guid(1a25106c06e281d43897fea29f534ff6) Importer(815301076,1909f56bfc062723c751e8b465ee728b)
Start importing Assets/Scenes/AnotherOne.unity using Guid(1a25106c06e281d43897fea29f534ff6) Importer(815301076,1909f56bfc062723c751e8b465ee728b)  -> (artifact id: '8b1b61172162dd0d128b690eac7aa558') in 0.039440 seconds
  Import took 0.048272 seconds .

========================================================================
Received Import Request.
  Time since last request: 0.000319 seconds.
  path: Assets/Scenes
  artifactKey: Guid(83cebe793aee108448f20b3d2489eabc) Importer(815301076,1909f56bfc062723c751e8b465ee728b)
Start importing Assets/Scenes using Guid(83cebe793aee108448f20b3d2489eabc) Importer(815301076,1909f56bfc062723c751e8b465ee728b)  -> (artifact id: '3001c6325cf86ae34b5f7cc193af97f2') in 0.029610 seconds
  Import took 0.039251 seconds .

========================================================================
Received Import Request.
  Time since last request: 4.133128 seconds.
  path: Assets/Scenes/FakeVuforia.unity
  artifactKey: Guid(dd68da7387fc2b74698ef5fb48518cea) Importer(815301076,1909f56bfc062723c751e8b465ee728b)
Start importing Assets/Scenes/FakeVuforia.unity using Guid(dd68da7387fc2b74698ef5fb48518cea) Importer(815301076,1909f56bfc062723c751e8b465ee728b)  -> (artifact id: 'c6bca16b7be63961e865c6e364bb0c7a') in 0.022104 seconds
  Import took 0.031993 seconds .

========================================================================
Received Import Request.
  Time since last request: 2412.011328 seconds.
  path: Assets/ImageTargets/marker1.2.jpg
  artifactKey: Guid(f18ff4ea77fdb85419a2490a7069759b) Importer(815301076,1909f56bfc062723c751e8b465ee728b)
Start importing Assets/ImageTargets/marker1.2.jpg using Guid(f18ff4ea77fdb85419a2490a7069759b) Importer(815301076,1909f56bfc062723c751e8b465ee728b)  -> (artifact id: '6e2e2f172ca35b92a8d92c633c4f2302') in 0.138249 seconds
  Import took 0.152973 seconds .

========================================================================
Received Import Request.
  Time since last request: 0.000303 seconds.
  path: Assets/ImageTargets/testMarker9.png
  artifactKey: Guid(5e8ca225a0eda0341a382c8453b05822) Importer(815301076,1909f56bfc062723c751e8b465ee728b)
Start importing Assets/ImageTargets/testMarker9.png using Guid(5e8ca225a0eda0341a382c8453b05822) Importer(815301076,1909f56bfc062723c751e8b465ee728b)  -> (artifact id: '1e7fa90d39e5e132822f6729d4ea9e95') in 0.018437 seconds
  Import took 0.027235 seconds .

========================================================================
Received Import Request.
  Time since last request: 0.000297 seconds.
  path: Assets/ImageTargets/markerTest.psd
  artifactKey: Guid(72b534dea43fe2343b12526d6157665c) Importer(815301076,1909f56bfc062723c751e8b465ee728b)
Start importing Assets/ImageTargets/markerTest.psd using Guid(72b534dea43fe2343b12526d6157665c) Importer(815301076,1909f56bfc062723c751e8b465ee728b)  -> (artifact id: '47759861099fd4c9fc0c6396d295e2bd') in 0.035976 seconds
  Import took 0.042892 seconds .

========================================================================
Received Import Request.
  Time since last request: 0.000352 seconds.
  path: Assets/ImageTargets/testMarker1.png
  artifactKey: Guid(3350f04410c181a44b8105ae3126e989) Importer(815301076,1909f56bfc062723c751e8b465ee728b)
Start importing Assets/ImageTargets/testMarker1.png using Guid(3350f04410c181a44b8105ae3126e989) Importer(815301076,1909f56bfc062723c751e8b465ee728b)  -> (artifact id: '6f387ab21dd7dade97344be69239b20f') in 0.046261 seconds
  Import took 0.055667 seconds .

========================================================================
Received Import Request.
  Time since last request: 0.000276 seconds.
  path: Assets/ImageTargets/testMarker7.png
  artifactKey: Guid(025655e89a365e3469e5a0dd17fbe113) Importer(815301076,1909f56bfc062723c751e8b465ee728b)
Start importing Assets/ImageTargets/testMarker7.png using Guid(025655e89a365e3469e5a0dd17fbe113) Importer(815301076,1909f56bfc062723c751e8b465ee728b)  -> (artifact id: '8ac87b935ce9c83a2212189b4046a240') in 0.024281 seconds
  Import took 0.035994 seconds .

========================================================================
Received Import Request.
  Time since last request: 0.000284 seconds.
  path: Assets/ImageTargets/testMarker6.png
  artifactKey: Guid(374b17699b328e041aa8328fbf611d43) Importer(815301076,1909f56bfc062723c751e8b465ee728b)
Start importing Assets/ImageTargets/testMarker6.png using Guid(374b17699b328e041aa8328fbf611d43) Importer(815301076,1909f56bfc062723c751e8b465ee728b)  -> (artifact id: '1550b17a6802bcf8e26496f2470c629a') in 0.031585 seconds
  Import took 0.038720 seconds .

========================================================================
Received Import Request.
  Time since last request: 0.000333 seconds.
  path: Assets/ImageTargets/testMarker10.png
  artifactKey: Guid(126f49f43038d1649841df621e4fcf8e) Importer(815301076,1909f56bfc062723c751e8b465ee728b)
Start importing Assets/ImageTargets/testMarker10.png using Guid(126f49f43038d1649841df621e4fcf8e) Importer(815301076,1909f56bfc062723c751e8b465ee728b)  -> (artifact id: '437e4a92e92c974876c35764753b5af4') in 0.021466 seconds
  Import took 0.028941 seconds .

========================================================================
Received Import Request.
  Time since last request: 0.000523 seconds.
  path: Assets/ImageTargets/testMarker4.png
  artifactKey: Guid(146acec174fe8e6408fc54b6482d0977) Importer(815301076,1909f56bfc062723c751e8b465ee728b)
Start importing Assets/ImageTargets/testMarker4.png using Guid(146acec174fe8e6408fc54b6482d0977) Importer(815301076,1909f56bfc062723c751e8b465ee728b)  -> (artifact id: '2568001274d560ec943520d8d46171b2') in 0.030165 seconds
  Import took 0.036993 seconds .

========================================================================
Received Import Request.
  Time since last request: 0.000277 seconds.
  path: Assets/ImageTargets/testMarker13.png
  artifactKey: Guid(aed719dea125d6342b0ab401d9b8a908) Importer(815301076,1909f56bfc062723c751e8b465ee728b)
Start importing Assets/ImageTargets/testMarker13.png using Guid(aed719dea125d6342b0ab401d9b8a908) Importer(815301076,1909f56bfc062723c751e8b465ee728b)  -> (artifact id: '5bfc61ac435ca762757a34e389d793fa') in 0.021483 seconds
  Import took 0.028882 seconds .

========================================================================
Received Import Request.
  Time since last request: 0.000267 seconds.
  path: Assets/ImageTargets/testMarker14.png
  artifactKey: Guid(3ca1466fb224b04438804323b432cfee) Importer(815301076,1909f56bfc062723c751e8b465ee728b)
Start importing Assets/ImageTargets/testMarker14.png using Guid(3ca1466fb224b04438804323b432cfee) Importer(815301076,1909f56bfc062723c751e8b465ee728b)  -> (artifact id: '53a812bf9cdf3b3d486b9b7c89ad70cb') in 0.020316 seconds
  Import took 0.031551 seconds .

========================================================================
Received Import Request.
  Time since last request: 0.000356 seconds.
  path: Assets/ImageTargets/testMarker12.png
  artifactKey: Guid(d36f5ba2ea04fa6498d1f0c254f003de) Importer(815301076,1909f56bfc062723c751e8b465ee728b)
Start importing Assets/ImageTargets/testMarker12.png using Guid(d36f5ba2ea04fa6498d1f0c254f003de) Importer(815301076,1909f56bfc062723c751e8b465ee728b)  -> (artifact id: '9ff0a0c425072833eb174ed6c5099f82') in 0.027066 seconds
  Import took 0.034078 seconds .

========================================================================
Received Import Request.
  Time since last request: 0.000392 seconds.
  path: Assets/ImageTargets/testMarker11.png
  artifactKey: Guid(efea60f68e97f5549bcc8f6238183729) Importer(815301076,1909f56bfc062723c751e8b465ee728b)
Start importing Assets/ImageTargets/testMarker11.png using Guid(efea60f68e97f5549bcc8f6238183729) Importer(815301076,1909f56bfc062723c751e8b465ee728b)  -> (artifact id: 'ce7e716b5d5ded0be0ffa76e80c6efc7') in 0.020633 seconds
  Import took 0.028195 seconds .

========================================================================
Received Import Request.
  Time since last request: 0.000279 seconds.
  path: Assets/ImageTargets/testMarker2.png
  artifactKey: Guid(1effa30cd3838174ab469f6fcc344aea) Importer(815301076,1909f56bfc062723c751e8b465ee728b)
Start importing Assets/ImageTargets/testMarker2.png using Guid(1effa30cd3838174ab469f6fcc344aea) Importer(815301076,1909f56bfc062723c751e8b465ee728b)  -> (artifact id: 'bfbc505be109490580b2c1d75fff99c9') in 0.025365 seconds
  Import took 0.037599 seconds .

========================================================================
Received Import Request.
  Time since last request: 0.000880 seconds.
  path: Assets/ImageTargets/testMarker8.png
  artifactKey: Guid(286e7cbc61ef1d04bb5069058d1d69be) Importer(815301076,1909f56bfc062723c751e8b465ee728b)
Start importing Assets/ImageTargets/testMarker8.png using Guid(286e7cbc61ef1d04bb5069058d1d69be) Importer(815301076,1909f56bfc062723c751e8b465ee728b)  -> (artifact id: '6562e06a3108187d8edd2a8eb09f8ae6') in 0.022047 seconds
  Import took 0.029667 seconds .

========================================================================
Received Import Request.
  Time since last request: 0.000270 seconds.
  path: Assets/ImageTargets/testMarker3.png
  artifactKey: Guid(d2f05652b34d9174ea2bd96b1a0582e8) Importer(815301076,1909f56bfc062723c751e8b465ee728b)
Start importing Assets/ImageTargets/testMarker3.png using Guid(d2f05652b34d9174ea2bd96b1a0582e8) Importer(815301076,1909f56bfc062723c751e8b465ee728b)  -> (artifact id: 'ecc454452dfecc9af3d929b2166b9c28') in 0.026027 seconds
  Import took 0.036109 seconds .

========================================================================
Received Import Request.
  Time since last request: 0.000629 seconds.
  path: Assets/ImageTargets/testMarker5.png
  artifactKey: Guid(155c568e9283b3b46a568a7b58100969) Importer(815301076,1909f56bfc062723c751e8b465ee728b)
Start importing Assets/ImageTargets/testMarker5.png using Guid(155c568e9283b3b46a568a7b58100969) Importer(815301076,1909f56bfc062723c751e8b465ee728b)  -> (artifact id: '2cbf4cf3e74493d5d53225f6aea99325') in 0.028682 seconds
  Import took 0.035658 seconds .

========================================================================
Received Import Request.
  Time since last request: 0.000275 seconds.
  path: Assets/ImageTargets/testMarker15.png
  artifactKey: Guid(c1407c457caeab34583a8a51ea75ac71) Importer(815301076,1909f56bfc062723c751e8b465ee728b)
Start importing Assets/ImageTargets/testMarker15.png using Guid(c1407c457caeab34583a8a51ea75ac71) Importer(815301076,1909f56bfc062723c751e8b465ee728b)  -> (artifact id: 'd9ecef8040c3ab31fa226e375b69396f') in 0.021443 seconds
  Import took 0.029804 seconds .

========================================================================
Received Import Request.
  Time since last request: 24.115635 seconds.
  path: Assets/ImageTargets/testMarker1.png
  artifactKey: Guid(3350f04410c181a44b8105ae3126e989) Importer(815301076,1909f56bfc062723c751e8b465ee728b)
Start importing Assets/ImageTargets/testMarker1.png using Guid(3350f04410c181a44b8105ae3126e989) Importer(815301076,1909f56bfc062723c751e8b465ee728b)  -> (artifact id: '8567baab147c10b522861dfdf5ba39b3') in 0.033334 seconds
  Import took 0.046034 seconds .

========================================================================
Received Import Request.
  Time since last request: 32.660422 seconds.
  path: Assets/ImageTargets/testMarker1.png
  artifactKey: Guid(3350f04410c181a44b8105ae3126e989) Importer(815301076,1909f56bfc062723c751e8b465ee728b)
Start importing Assets/ImageTargets/testMarker1.png using Guid(3350f04410c181a44b8105ae3126e989) Importer(815301076,1909f56bfc062723c751e8b465ee728b)  -> (artifact id: '2281aabec41b05c264ef8dc94afc2540') in 0.024887 seconds
  Import took 0.035624 seconds .

========================================================================
Received Import Request.
  Time since last request: 9.432213 seconds.
  path: Assets/Sprites
  artifactKey: Guid(1f346d309e828504b8505a7100052be7) Importer(815301076,1909f56bfc062723c751e8b465ee728b)
Start importing Assets/Sprites using Guid(1f346d309e828504b8505a7100052be7) Importer(815301076,1909f56bfc062723c751e8b465ee728b)  -> (artifact id: 'bf07a460a9f10dec89b1f25c52ef96fb') in 0.015544 seconds
  Import took 0.024962 seconds .

========================================================================
Received Import Request.
  Time since last request: 0.079376 seconds.
  path: Assets/Sprites/level_layout3.png
  artifactKey: Guid(e2cac1acb1a66f14db5bd956f006b2b7) Importer(815301076,1909f56bfc062723c751e8b465ee728b)
Start importing Assets/Sprites/level_layout3.png using Guid(e2cac1acb1a66f14db5bd956f006b2b7) Importer(815301076,1909f56bfc062723c751e8b465ee728b)  -> (artifact id: 'af7d952f515fbd92b1293fa59b9b33a8') in 0.031175 seconds
  Import took 0.041653 seconds .

========================================================================
Received Import Request.
  Time since last request: 59.468663 seconds.
  path: Assets/Sprites/testMarker1.png
  artifactKey: Guid(dc97f9087d6004c4e9912a9528ed5ab6) Importer(815301076,1909f56bfc062723c751e8b465ee728b)
Start importing Assets/Sprites/testMarker1.png using Guid(dc97f9087d6004c4e9912a9528ed5ab6) Importer(815301076,1909f56bfc062723c751e8b465ee728b)  -> (artifact id: '4ddf68795ae71ee96acbe78b72982bb9') in 0.026414 seconds
  Import took 0.038028 seconds .

========================================================================
Received Import Request.
  Time since last request: 0.000275 seconds.
  path: Assets/Sprites/testMarker5.png
  artifactKey: Guid(83918510ec9040740bbe00951a398c78) Importer(815301076,1909f56bfc062723c751e8b465ee728b)
Start importing Assets/Sprites/testMarker5.png using Guid(83918510ec9040740bbe00951a398c78) Importer(815301076,1909f56bfc062723c751e8b465ee728b)  -> (artifact id: '37b769755d5d60ff5e3cfa608a7c41fa') in 0.024964 seconds
  Import took 0.037802 seconds .

========================================================================
Received Import Request.
  Time since last request: 0.000393 seconds.
  path: Assets/Sprites/testMarker14.png
  artifactKey: Guid(81ca37e784840834ea8982287cf4329b) Importer(815301076,1909f56bfc062723c751e8b465ee728b)
Start importing Assets/Sprites/testMarker14.png using Guid(81ca37e784840834ea8982287cf4329b) Importer(815301076,1909f56bfc062723c751e8b465ee728b)  -> (artifact id: '83319e4ad31a280387c0eae5d29f4a9c') in 0.034248 seconds
  Import took 0.045479 seconds .

========================================================================
Received Import Request.
  Time since last request: 0.000266 seconds.
  path: Assets/Sprites/testMarker3.png
  artifactKey: Guid(6eb5dd5fa164d494e840d9e24a681a4f) Importer(815301076,1909f56bfc062723c751e8b465ee728b)
Start importing Assets/Sprites/testMarker3.png using Guid(6eb5dd5fa164d494e840d9e24a681a4f) Importer(815301076,1909f56bfc062723c751e8b465ee728b)  -> (artifact id: '66271e85d0f883d60a3493bd2dc09a0a') in 0.025212 seconds
  Import took 0.031492 seconds .

========================================================================
Received Import Request.
  Time since last request: 0.000255 seconds.
  path: Assets/Sprites/testMarker10.png
  artifactKey: Guid(676aa7e4f6f36054c91ca1f740103bd6) Importer(815301076,1909f56bfc062723c751e8b465ee728b)
Start importing Assets/Sprites/testMarker10.png using Guid(676aa7e4f6f36054c91ca1f740103bd6) Importer(815301076,1909f56bfc062723c751e8b465ee728b)  -> (artifact id: '45d1513db80cb9af7b7e0ae1946a9133') in 0.028194 seconds
  Import took 0.035077 seconds .

========================================================================
Received Import Request.
  Time since last request: 0.000254 seconds.
  path: Assets/Sprites/testMarker4.png
  artifactKey: Guid(eaeec0321ceb2ea428050c815c5b3294) Importer(815301076,1909f56bfc062723c751e8b465ee728b)
Start importing Assets/Sprites/testMarker4.png using Guid(eaeec0321ceb2ea428050c815c5b3294) Importer(815301076,1909f56bfc062723c751e8b465ee728b)  -> (artifact id: 'e5fdff87042eda61629d6cd49104ca88') in 0.056660 seconds
  Import took 0.079444 seconds .

========================================================================
Received Import Request.
  Time since last request: 0.000847 seconds.
  path: Assets/Sprites/testMarker9.png
  artifactKey: Guid(1c3849850d50db044a18f56bedf00a9f) Importer(815301076,1909f56bfc062723c751e8b465ee728b)
Start importing Assets/Sprites/testMarker9.png using Guid(1c3849850d50db044a18f56bedf00a9f) Importer(815301076,1909f56bfc062723c751e8b465ee728b)  -> (artifact id: '4877d27012f44dde675e3726e68d4e20') in 0.032486 seconds
  Import took 0.056128 seconds .

========================================================================
Received Import Request.
  Time since last request: 0.000370 seconds.
  path: Assets/Sprites/testMarker6.png
  artifactKey: Guid(169378adc1e28614fafe5b7e4fa5bc0f) Importer(815301076,1909f56bfc062723c751e8b465ee728b)
Start importing Assets/Sprites/testMarker6.png using Guid(169378adc1e28614fafe5b7e4fa5bc0f) Importer(815301076,1909f56bfc062723c751e8b465ee728b)  -> (artifact id: '7797b461ca212b5ce3192a0e555e7440') in 0.032226 seconds
  Import took 0.043907 seconds .

========================================================================
Received Import Request.
  Time since last request: 0.000349 seconds.
  path: Assets/Sprites/testMarker7.png
  artifactKey: Guid(9e8d2bf53de3a774b96a349ecb8d48cb) Importer(815301076,1909f56bfc062723c751e8b465ee728b)
Start importing Assets/Sprites/testMarker7.png using Guid(9e8d2bf53de3a774b96a349ecb8d48cb) Importer(815301076,1909f56bfc062723c751e8b465ee728b)  -> (artifact id: '85cc7ce096c3587dc1f5c4ae58794765') in 0.031945 seconds
  Import took 0.041666 seconds .

========================================================================
Received Import Request.
  Time since last request: 0.000307 seconds.
  path: Assets/Sprites/testMarker8.png
  artifactKey: Guid(593df2fa878ffff4d800535152bc8605) Importer(815301076,1909f56bfc062723c751e8b465ee728b)
Start importing Assets/Sprites/testMarker8.png using Guid(593df2fa878ffff4d800535152bc8605) Importer(815301076,1909f56bfc062723c751e8b465ee728b)  -> (artifact id: '28a5932e525e6fee2bebfe0c734c64a1') in 0.030365 seconds
  Import took 0.041915 seconds .

========================================================================
Received Import Request.
  Time since last request: 0.000283 seconds.
  path: Assets/Sprites/testMarker13.png
  artifactKey: Guid(62ab768b9f9f6014f91b79be772b0bfe) Importer(815301076,1909f56bfc062723c751e8b465ee728b)
Start importing Assets/Sprites/testMarker13.png using Guid(62ab768b9f9f6014f91b79be772b0bfe) Importer(815301076,1909f56bfc062723c751e8b465ee728b)  -> (artifact id: 'ea5a936a706ca3ec57df862116c11a4c') in 0.021377 seconds
  Import took 0.030459 seconds .

========================================================================
Received Import Request.
  Time since last request: 0.000317 seconds.
  path: Assets/Sprites/testMarker2.png
  artifactKey: Guid(19a1eb9db8750cb41910008bed84be33) Importer(815301076,1909f56bfc062723c751e8b465ee728b)
Start importing Assets/Sprites/testMarker2.png using Guid(19a1eb9db8750cb41910008bed84be33) Importer(815301076,1909f56bfc062723c751e8b465ee728b)  -> (artifact id: 'fafdc84473a42bd1c3f2677cbc785435') in 0.014132 seconds
  Import took 0.021184 seconds .

========================================================================
Received Import Request.
  Time since last request: 0.000253 seconds.
  path: Assets/Sprites/testMarker15.png
  artifactKey: Guid(8e437511c4d5eff4892535a212e873b3) Importer(815301076,1909f56bfc062723c751e8b465ee728b)
Start importing Assets/Sprites/testMarker15.png using Guid(8e437511c4d5eff4892535a212e873b3) Importer(815301076,1909f56bfc062723c751e8b465ee728b)  -> (artifact id: '9fb2678eb2ac69374628ec0254b91e94') in 0.022572 seconds
  Import took 0.031626 seconds .

========================================================================
Received Import Request.
  Time since last request: 0.000272 seconds.
  path: Assets/Sprites/testMarker12.png
  artifactKey: Guid(deecfc97d4378ec43b5dcbb91792fd16) Importer(815301076,1909f56bfc062723c751e8b465ee728b)
Start importing Assets/Sprites/testMarker12.png using Guid(deecfc97d4378ec43b5dcbb91792fd16) Importer(815301076,1909f56bfc062723c751e8b465ee728b)  -> (artifact id: '019556d10f51f23bcb135f43d463ba96') in 0.017015 seconds
  Import took 0.023870 seconds .

========================================================================
Received Import Request.
  Time since last request: 0.000269 seconds.
  path: Assets/Sprites/testMarker11.png
  artifactKey: Guid(37ae294960082cd4e9cbc1bb089d02b0) Importer(815301076,1909f56bfc062723c751e8b465ee728b)
Start importing Assets/Sprites/testMarker11.png using Guid(37ae294960082cd4e9cbc1bb089d02b0) Importer(815301076,1909f56bfc062723c751e8b465ee728b)  -> (artifact id: '18bc5ef19fde0a02c013ca56a04e24a8') in 0.019369 seconds
  Import took 0.029893 seconds .

========================================================================
Received Import Request.
  Time since last request: 0.005933 seconds.
  path: Assets/Sprites/testMarker12.png
  artifactKey: Guid(deecfc97d4378ec43b5dcbb91792fd16) Importer(815301076,1909f56bfc062723c751e8b465ee728b)
Start importing Assets/Sprites/testMarker12.png using Guid(deecfc97d4378ec43b5dcbb91792fd16) Importer(815301076,1909f56bfc062723c751e8b465ee728b)  -> (artifact id: '019556d10f51f23bcb135f43d463ba96') in 0.015184 seconds
  Import took 0.023582 seconds .

========================================================================
Received Import Request.
  Time since last request: 11.558211 seconds.
  path: Assets/Sprites/testMarker1.png
  artifactKey: Guid(dc97f9087d6004c4e9912a9528ed5ab6) Importer(815301076,1909f56bfc062723c751e8b465ee728b)
Start importing Assets/Sprites/testMarker1.png using Guid(dc97f9087d6004c4e9912a9528ed5ab6) Importer(815301076,1909f56bfc062723c751e8b465ee728b)  -> (artifact id: '76c8388abd94c5eeae77079e3e0c3311') in 0.026728 seconds
  Import took 0.036007 seconds .

========================================================================
Received Import Request.
  Time since last request: 0.000348 seconds.
  path: Assets/Sprites/testMarker5.png
  artifactKey: Guid(83918510ec9040740bbe00951a398c78) Importer(815301076,1909f56bfc062723c751e8b465ee728b)
Start importing Assets/Sprites/testMarker5.png using Guid(83918510ec9040740bbe00951a398c78) Importer(815301076,1909f56bfc062723c751e8b465ee728b)  -> (artifact id: '660f049c03b4406d3ade4bec13b42a7e') in 0.026910 seconds
  Import took 0.035106 seconds .

========================================================================
Received Import Request.
  Time since last request: 0.000318 seconds.
  path: Assets/Sprites/testMarker14.png
  artifactKey: Guid(81ca37e784840834ea8982287cf4329b) Importer(815301076,1909f56bfc062723c751e8b465ee728b)
Start importing Assets/Sprites/testMarker14.png using Guid(81ca37e784840834ea8982287cf4329b) Importer(815301076,1909f56bfc062723c751e8b465ee728b)  -> (artifact id: 'e3df3e5f086ec3f193678e6b7bc387c2') in 0.025379 seconds
  Import took 0.032927 seconds .

========================================================================
Received Import Request.
  Time since last request: 0.000327 seconds.
  path: Assets/Sprites/testMarker3.png
  artifactKey: Guid(6eb5dd5fa164d494e840d9e24a681a4f) Importer(815301076,1909f56bfc062723c751e8b465ee728b)
Start importing Assets/Sprites/testMarker3.png using Guid(6eb5dd5fa164d494e840d9e24a681a4f) Importer(815301076,1909f56bfc062723c751e8b465ee728b)  -> (artifact id: '95a2bf37a75f33c6b84449ed7e58222b') in 0.043006 seconds
  Import took 0.052851 seconds .

========================================================================
Received Import Request.
  Time since last request: 0.000333 seconds.
  path: Assets/Sprites/testMarker10.png
  artifactKey: Guid(676aa7e4f6f36054c91ca1f740103bd6) Importer(815301076,1909f56bfc062723c751e8b465ee728b)
Start importing Assets/Sprites/testMarker10.png using Guid(676aa7e4f6f36054c91ca1f740103bd6) Importer(815301076,1909f56bfc062723c751e8b465ee728b)  -> (artifact id: '9553729b2ca43ffa5670db00106c353f') in 0.023299 seconds
  Import took 0.030731 seconds .

========================================================================
Received Import Request.
  Time since last request: 0.000333 seconds.
  path: Assets/Sprites/testMarker4.png
  artifactKey: Guid(eaeec0321ceb2ea428050c815c5b3294) Importer(815301076,1909f56bfc062723c751e8b465ee728b)
Start importing Assets/Sprites/testMarker4.png using Guid(eaeec0321ceb2ea428050c815c5b3294) Importer(815301076,1909f56bfc062723c751e8b465ee728b)  -> (artifact id: '80a1d13c3b2fd54e0ae4ea010f204387') in 0.029701 seconds
  Import took 0.036926 seconds .

========================================================================
Received Import Request.
  Time since last request: 0.000373 seconds.
  path: Assets/Sprites/testMarker9.png
  artifactKey: Guid(1c3849850d50db044a18f56bedf00a9f) Importer(815301076,1909f56bfc062723c751e8b465ee728b)
Start importing Assets/Sprites/testMarker9.png using Guid(1c3849850d50db044a18f56bedf00a9f) Importer(815301076,1909f56bfc062723c751e8b465ee728b)  -> (artifact id: 'af9bdcc34ab899536d7703b90040d8c3') in 0.023114 seconds
  Import took 0.030028 seconds .

========================================================================
Received Import Request.
  Time since last request: 0.000315 seconds.
  path: Assets/Sprites/testMarker6.png
  artifactKey: Guid(169378adc1e28614fafe5b7e4fa5bc0f) Importer(815301076,1909f56bfc062723c751e8b465ee728b)
Start importing Assets/Sprites/testMarker6.png using Guid(169378adc1e28614fafe5b7e4fa5bc0f) Importer(815301076,1909f56bfc062723c751e8b465ee728b)  -> (artifact id: '2287949ed4658e68cc1f29b2fe930e37') in 0.031883 seconds
  Import took 0.042510 seconds .

========================================================================
Received Import Request.
  Time since last request: 0.000276 seconds.
  path: Assets/Sprites/testMarker7.png
  artifactKey: Guid(9e8d2bf53de3a774b96a349ecb8d48cb) Importer(815301076,1909f56bfc062723c751e8b465ee728b)
Start importing Assets/Sprites/testMarker7.png using Guid(9e8d2bf53de3a774b96a349ecb8d48cb) Importer(815301076,1909f56bfc062723c751e8b465ee728b)  -> (artifact id: 'f2eb4370241e4a15c71abd4af71b1c18') in 0.041727 seconds
  Import took 0.051198 seconds .

========================================================================
Received Import Request.
  Time since last request: 0.000291 seconds.
  path: Assets/Sprites/testMarker8.png
  artifactKey: Guid(593df2fa878ffff4d800535152bc8605) Importer(815301076,1909f56bfc062723c751e8b465ee728b)
Start importing Assets/Sprites/testMarker8.png using Guid(593df2fa878ffff4d800535152bc8605) Importer(815301076,1909f56bfc062723c751e8b465ee728b)  -> (artifact id: '97beee8e0d77648cb3c99af0d90a1762') in 0.028545 seconds
  Import took 0.036435 seconds .

========================================================================
Received Import Request.
  Time since last request: 0.000322 seconds.
  path: Assets/Sprites/testMarker13.png
  artifactKey: Guid(62ab768b9f9f6014f91b79be772b0bfe) Importer(815301076,1909f56bfc062723c751e8b465ee728b)
Start importing Assets/Sprites/testMarker13.png using Guid(62ab768b9f9f6014f91b79be772b0bfe) Importer(815301076,1909f56bfc062723c751e8b465ee728b)  -> (artifact id: '394411c9be70281dbfc5300653c7d66a') in 0.030847 seconds
  Import took 0.039051 seconds .

========================================================================
Received Import Request.
  Time since last request: 0.000279 seconds.
  path: Assets/Sprites/testMarker2.png
  artifactKey: Guid(19a1eb9db8750cb41910008bed84be33) Importer(815301076,1909f56bfc062723c751e8b465ee728b)
Start importing Assets/Sprites/testMarker2.png using Guid(19a1eb9db8750cb41910008bed84be33) Importer(815301076,1909f56bfc062723c751e8b465ee728b)  -> (artifact id: '59c1f0b5b32edd1cd9c20e675d484a42') in 0.029617 seconds
  Import took 0.036811 seconds .

========================================================================
Received Import Request.
  Time since last request: 0.000260 seconds.
  path: Assets/Sprites/testMarker15.png
  artifactKey: Guid(8e437511c4d5eff4892535a212e873b3) Importer(815301076,1909f56bfc062723c751e8b465ee728b)
Start importing Assets/Sprites/testMarker15.png using Guid(8e437511c4d5eff4892535a212e873b3) Importer(815301076,1909f56bfc062723c751e8b465ee728b)  -> (artifact id: '47377942b62bdf9ac2612544f3ccfdf4') in 0.026904 seconds
  Import took 0.033415 seconds .

========================================================================
Received Import Request.
  Time since last request: 0.000278 seconds.
  path: Assets/Sprites/testMarker12.png
  artifactKey: Guid(deecfc97d4378ec43b5dcbb91792fd16) Importer(815301076,1909f56bfc062723c751e8b465ee728b)
Start importing Assets/Sprites/testMarker12.png using Guid(deecfc97d4378ec43b5dcbb91792fd16) Importer(815301076,1909f56bfc062723c751e8b465ee728b)  -> (artifact id: '6276b455ee7aa242084cc50f2334281b') in 0.038039 seconds
  Import took 0.048914 seconds .

========================================================================
Received Import Request.
  Time since last request: 0.000295 seconds.
  path: Assets/Sprites/testMarker11.png
  artifactKey: Guid(37ae294960082cd4e9cbc1bb089d02b0) Importer(815301076,1909f56bfc062723c751e8b465ee728b)
Start importing Assets/Sprites/testMarker11.png using Guid(37ae294960082cd4e9cbc1bb089d02b0) Importer(815301076,1909f56bfc062723c751e8b465ee728b)  -> (artifact id: '207585c2d292e5c9be37194abb9ab484') in 0.021916 seconds
  Import took 0.028029 seconds .

========================================================================
Received Import Request.
  Time since last request: 0.024631 seconds.
  path: Assets/Sprites/testMarker12.png
  artifactKey: Guid(deecfc97d4378ec43b5dcbb91792fd16) Importer(815301076,1909f56bfc062723c751e8b465ee728b)
Start importing Assets/Sprites/testMarker12.png using Guid(deecfc97d4378ec43b5dcbb91792fd16) Importer(815301076,1909f56bfc062723c751e8b465ee728b)  -> (artifact id: '6276b455ee7aa242084cc50f2334281b') in 0.032205 seconds
  Import took 0.038498 seconds .

========================================================================
Received Import Request.
  Time since last request: 735.163529 seconds.
  path: Assets/Script/TriggerManager.cs
  artifactKey: Guid(45427ca98b5e8c444948bee45bb2d248) Importer(815301076,1909f56bfc062723c751e8b465ee728b)
Start importing Assets/Script/TriggerManager.cs using Guid(45427ca98b5e8c444948bee45bb2d248) Importer(815301076,1909f56bfc062723c751e8b465ee728b)  -> (artifact id: '889bae8cba182742a9c70f65c3140a2a') in 0.030891 seconds
  Import took 0.038157 seconds .

========================================================================
Received Import Request.
  Time since last request: 15.903528 seconds.
  path: Assets/Script/FakeTriggerManger.cs
  artifactKey: Guid(11ef82412fab5f24899191e72eda856e) Importer(815301076,1909f56bfc062723c751e8b465ee728b)
Start importing Assets/Script/FakeTriggerManger.cs using Guid(11ef82412fab5f24899191e72eda856e) Importer(815301076,1909f56bfc062723c751e8b465ee728b)  -> (artifact id: '4fabe7cd3dbb4b066fd4293a32828f16') in 0.033484 seconds
  Import took 0.045105 seconds .

========================================================================
Received Import Request.
  Time since last request: 0.001577 seconds.
  path: Assets/Script/FakeTriggerManger.cs
  artifactKey: Guid(11ef82412fab5f24899191e72eda856e) Importer(815301076,1909f56bfc062723c751e8b465ee728b)
Start importing Assets/Script/FakeTriggerManger.cs using Guid(11ef82412fab5f24899191e72eda856e) Importer(815301076,1909f56bfc062723c751e8b465ee728b)  -> (artifact id: '4fabe7cd3dbb4b066fd4293a32828f16') in 0.005849 seconds
  Import took 0.019844 seconds .

========================================================================
Received Prepare
Registering precompiled user dll's ...
Registered in 0.141756 seconds.
Begin MonoManager ReloadAssembly
Native extension for WindowsStandalone target not found
Refreshing native plugins compatible for Editor in 417.93 ms, found 10 plugins.
Preloading 1 native plugins for Editor in 0.25 ms.
System.NullReferenceException: Object reference not set to an instance of an object
  at Vuforia.EditorClasses.ExtensionTypeProvider.GetVuforiaPackageAbsPath () [0x0004a] in <f93bc12ce1034617aac9a18135b94276>:0 
  at Vuforia.EditorClasses.ExtensionTypeProvider.IsPackageManager () [0x00000] in <f93bc12ce1034617aac9a18135b94276>:0 
  at Vuforia.EditorClasses.ExtensionTypeProvider.ResolvePluginType () [0x00009] in <f93bc12ce1034617aac9a18135b94276>:0 
  at Vuforia.EditorClasses.ExtensionTypeProvider.GetPluginType () [0x0000c] in <f93bc12ce1034617aac9a18135b94276>:0 
  at Vuforia.EditorClasses.VuforiaUtilities.IsVuforiaEnabledInPlayerSettings () [0x00000] in <f93bc12ce1034617aac9a18135b94276>:0 
  at VuforiaEnabledObserver..cctor () [0x00000] in <f93bc12ce1034617aac9a18135b94276>:0 
UnityEngine.StackTraceUtility:ExtractStackTrace ()
UnityEngine.DebugLogHandler:LogFormat (UnityEngine.LogType,UnityEngine.Object,string,object[])
UnityEngine.Logger:Log (UnityEngine.LogType,object)
UnityEngine.Debug:LogError (object)
UnityEditor.EditorAssemblies:ProcessInitializeOnLoadAttributes (System.Type[])

System.NullReferenceException: Object reference not set to an instance of an object
  at Vuforia.EditorClasses.ExtensionTypeProvider.GetVuforiaPackageAbsPath () [0x0004a] in <f93bc12ce1034617aac9a18135b94276>:0 
  at Vuforia.EditorClasses.ExtensionTypeProvider.IsPackageManager () [0x00000] in <f93bc12ce1034617aac9a18135b94276>:0 
  at Vuforia.EditorClasses.ExtensionTypeProvider.ResolvePluginType () [0x00009] in <f93bc12ce1034617aac9a18135b94276>:0 
  at Vuforia.EditorClasses.ExtensionTypeProvider.GetPluginType () [0x0000c] in <f93bc12ce1034617aac9a18135b94276>:0 
  at Vuforia.EditorClasses.VuforiaUtilities.IsVuforiaEnabledInPlayerSettings () [0x00000] in <f93bc12ce1034617aac9a18135b94276>:0 
  at Vuforia.EditorClasses.InitializeOnLoadVuforiaTaskRunner..cctor () [0x00015] in <f93bc12ce1034617aac9a18135b94276>:0 
UnityEngine.StackTraceUtility:ExtractStackTrace ()
UnityEngine.DebugLogHandler:LogFormat (UnityEngine.LogType,UnityEngine.Object,string,object[])
UnityEngine.Logger:Log (UnityEngine.LogType,object)
UnityEngine.Debug:LogError (object)
UnityEditor.EditorAssemblies:ProcessInitializeOnLoadAttributes (System.Type[])

Mono: successfully reloaded assembly
- Completed reload, in 12.670 seconds
Platform modules already initialized, skipping
Switching build target platform(19) subTarget(0) extendedPlatform(0) -> platform(21) subTarget(1) extendedPlatform(0)
Shader 'PointClouds/PointSplat': fallback shader 'PointClouds/PointSplatLegacy' not found
Refreshing native plugins compatible for Editor in 2.38 ms, found 10 plugins.
Preloading 1 native plugins for Editor in 0.42 ms.
Unloading 2585 Unused Serialized files (Serialized files now loaded: 0)
System memory in use before: 116.3 MB.
System memory in use after: 116.4 MB.

Unloading 67 unused Assets to reduce memory usage. Loaded Objects now: 3354.
Total: 7.218300 ms (FindLiveObjects: 1.331900 ms CreateObjectMapping: 0.338800 ms MarkObjects: 5.292900 ms  DeleteObjects: 0.247900 ms)

========================================================================
Received Import Request.
  Time since last request: 479.357283 seconds.
  path: ProjectSettings/TagManager.asset
  artifactKey: Guid(00000000000000003000000000000000) Importer(815301076,1909f56bfc062723c751e8b465ee728b)
Start importing ProjectSettings/TagManager.asset using Guid(00000000000000003000000000000000) Importer(815301076,1909f56bfc062723c751e8b465ee728b)  -> (artifact id: '4d0693c2ac3a503014aa4ef4a912dc9d') in 0.064910 seconds
  Import took 0.077246 seconds .

========================================================================
Received Import Request.
  Time since last request: 7.073247 seconds.
  path: ProjectSettings/TagManager.asset
  artifactKey: Guid(00000000000000003000000000000000) Importer(815301076,1909f56bfc062723c751e8b465ee728b)
Start importing ProjectSettings/TagManager.asset using Guid(00000000000000003000000000000000) Importer(815301076,1909f56bfc062723c751e8b465ee728b)  -> (artifact id: 'e8983351bd1ac8dff197899609a9b319') in 0.010879 seconds
  Import took 0.020508 seconds .

